$ electron-vite build
vite v7.3.2 building ssr environment for production...
transforming...
✓ 16 modules transformed.
rendering chunks...
out/main/index.js  73.45 kB
✓ built in 268ms
vite v7.3.2 building ssr environment for production...
transforming...
✓ 3 modules transformed.
rendering chunks...
out/preload/index.cjs  2.21 kB
✓ built in 10ms
vite v7.3.2 building client environment for production...
transforming...
✓ 50 modules transformed.
rendering chunks...
../../out/renderer/index.html                     0.39 kB
../../out/renderer/assets/index-C9QHMdHL.css      6.13 kB
../../out/renderer/assets/index-Drjgq_pE.js   1,254.00 kB
✓ built in 929ms
